<?xml version="1.0" encoding="UTF-8"?>
<!-- Generated by org.testng.reporters.JUnitXMLReporter -->
<testsuite ignored="0" hostname="DESKTOP-RCMCRH0" failures="0" tests="3" name="Default test" time="51.116" errors="0" timestamp="2021-01-24T17:16:16 IST">
  <testcase classname="com.qa.testscripts.WorkingwithFrames" name="framesById" time="15.89"/>
  <testcase classname="com.qa.testscripts.WorkingwithFrames" name="frameByName" time="6.015"/>
  <testcase classname="com.qa.testscripts.WorkingwithFrames" name="frameByElement" time="1.361"/>
</testsuite> <!-- Default test -->
