<?xml version="1.0" encoding="UTF-8"?>
<!-- Generated by org.testng.reporters.JUnitXMLReporter -->
<testsuite ignored="0" hostname="DESKTOP-RCMCRH0" failures="0" tests="3" name="Amazon Functional Testing  " time="123.139" errors="0" timestamp="2021-01-10T14:49:53 IST">
  <testcase classname="com.qa.testscripts.AmazonSearchItem" name="SearchItem" time="11.947"/>
  <testcase classname="com.qa.testscripts.AmazonSearchItem" name="SearchItem" time="14.892"/>
  <testcase classname="com.qa.testscripts.AmazonSearchItem" name="SearchItem" time="15.476"/>
</testsuite> <!-- Amazon Functional Testing   -->
