<?xml version="1.0" encoding="UTF-8"?>
<!-- Generated by org.testng.reporters.JUnitXMLReporter -->
<testsuite ignored="0" hostname="DESKTOP-RCMCRH0" failures="0" tests="2" name="Rediff Functional Testing " time="117.001" errors="0" timestamp="2021-01-10T17:00:58 IST">
  <testcase classname="com.qa.testscripts.RediffExample" name="checkCreateAccountPage" time="3.86"/>
  <testcase classname="com.qa.testscripts.RediffExample" name="CheckSignInPage" time="7.245"/>
</testsuite> <!-- Rediff Functional Testing  -->
