<?xml version="1.0" encoding="UTF-8"?>
<testng-results ignored="0" total="3" passed="3" failed="0" skipped="0">
  <reporter-output>
  </reporter-output>
  <suite started-at="2021-01-24T17:15:25 IST" name="Default suite" finished-at="2021-01-24T17:16:16 IST" duration-ms="51116">
    <groups>
    </groups>
    <test started-at="2021-01-24T17:15:25 IST" name="Default test" finished-at="2021-01-24T17:16:16 IST" duration-ms="51116">
      <class name="com.qa.testscripts.WorkingwithFrames">
        <test-method is-config="true" signature="setUp()[pri:0, instance:com.qa.testscripts.WorkingwithFrames@73e22a3d]" started-at="2021-01-24T17:15:25 IST" name="setUp" finished-at="2021-01-24T17:15:46 IST" duration-ms="21530" status="PASS">
          <reporter-output>
          </reporter-output>
        </test-method> <!-- setUp -->
        <test-method signature="framesById()[pri:1, instance:com.qa.testscripts.WorkingwithFrames@73e22a3d]" started-at="2021-01-24T17:15:47 IST" name="framesById" finished-at="2021-01-24T17:16:03 IST" duration-ms="15890" status="PASS">
          <reporter-output>
          </reporter-output>
        </test-method> <!-- framesById -->
        <test-method signature="frameByName()[pri:2, instance:com.qa.testscripts.WorkingwithFrames@73e22a3d]" started-at="2021-01-24T17:16:03 IST" name="frameByName" finished-at="2021-01-24T17:16:09 IST" duration-ms="6015" status="PASS">
          <reporter-output>
          </reporter-output>
        </test-method> <!-- frameByName -->
        <test-method signature="frameByElement()[pri:3, instance:com.qa.testscripts.WorkingwithFrames@73e22a3d]" started-at="2021-01-24T17:16:09 IST" name="frameByElement" finished-at="2021-01-24T17:16:10 IST" duration-ms="1361" status="PASS">
          <reporter-output>
          </reporter-output>
        </test-method> <!-- frameByElement -->
        <test-method is-config="true" signature="tearDown()[pri:0, instance:com.qa.testscripts.WorkingwithFrames@73e22a3d]" started-at="2021-01-24T17:16:10 IST" name="tearDown" finished-at="2021-01-24T17:16:16 IST" duration-ms="5735" status="PASS">
          <reporter-output>
          </reporter-output>
        </test-method> <!-- tearDown -->
      </class> <!-- com.qa.testscripts.WorkingwithFrames -->
    </test> <!-- Default test -->
  </suite> <!-- Default suite -->
</testng-results>
